INFO - 2023-09-20 20:28:03 --> Session: Class initialized using 'CodeIgniter\Session\Handlers\FileHandler' driver.
INFO - 2023-09-20 20:28:20 --> Session: Class initialized using 'CodeIgniter\Session\Handlers\FileHandler' driver.
INFO - 2023-09-20 20:30:31 --> Session: Class initialized using 'CodeIgniter\Session\Handlers\FileHandler' driver.
INFO - 2023-09-20 20:31:00 --> Session: Class initialized using 'CodeIgniter\Session\Handlers\FileHandler' driver.
INFO - 2023-09-20 20:31:11 --> Session: Class initialized using 'CodeIgniter\Session\Handlers\FileHandler' driver.
INFO - 2023-09-20 20:31:59 --> Session: Class initialized using 'CodeIgniter\Session\Handlers\FileHandler' driver.
INFO - 2023-09-20 20:37:24 --> Session: Class initialized using 'CodeIgniter\Session\Handlers\FileHandler' driver.
CRITICAL - 2023-09-20 20:37:24 --> Undefined variable $row
in APPPATH\Views\Pages\home.php on line 30.
 1 APPPATH\Views\Pages\home.php(30): CodeIgniter\Debug\Exceptions->errorHandler(2, 'Undefined variable $row', 'D:\\xamppnew\\htdocs\\ci4-blog\\app\\Views\\Pages\\home.php', 30)
 2 SYSTEMPATH\View\View.php(226): include('D:\\xamppnew\\htdocs\\ci4-blog\\app\\Views\\Pages\\home.php')
 3 SYSTEMPATH\View\View.php(229): CodeIgniter\View\View->CodeIgniter\View\{closure}()
 4 SYSTEMPATH\Common.php(1188): CodeIgniter\View\View->render('Pages/home', [], true)
 5 APPPATH\Controllers\Pages.php(14): view('Pages/home')
 6 SYSTEMPATH\CodeIgniter.php(919): App\Controllers\Pages->index()
 7 SYSTEMPATH\CodeIgniter.php(494): CodeIgniter\CodeIgniter->runController(Object(App\Controllers\Pages))
 8 SYSTEMPATH\CodeIgniter.php(353): CodeIgniter\CodeIgniter->handleRequest(null, Object(Config\Cache), false)
 9 FCPATH\index.php(79): CodeIgniter\CodeIgniter->run()
INFO - 2023-09-20 20:37:47 --> Session: Class initialized using 'CodeIgniter\Session\Handlers\FileHandler' driver.
INFO - 2023-09-20 20:39:25 --> Session: Class initialized using 'CodeIgniter\Session\Handlers\FileHandler' driver.
INFO - 2023-09-20 20:39:33 --> Session: Class initialized using 'CodeIgniter\Session\Handlers\FileHandler' driver.
INFO - 2023-09-20 20:39:37 --> Session: Class initialized using 'CodeIgniter\Session\Handlers\FileHandler' driver.
INFO - 2023-09-20 20:39:44 --> Session: Class initialized using 'CodeIgniter\Session\Handlers\FileHandler' driver.
INFO - 2023-09-20 20:39:49 --> Session: Class initialized using 'CodeIgniter\Session\Handlers\FileHandler' driver.
INFO - 2023-09-20 20:41:16 --> Session: Class initialized using 'CodeIgniter\Session\Handlers\FileHandler' driver.
INFO - 2023-09-20 20:41:22 --> Session: Class initialized using 'CodeIgniter\Session\Handlers\FileHandler' driver.
INFO - 2023-09-20 20:41:33 --> Session: Class initialized using 'CodeIgniter\Session\Handlers\FileHandler' driver.
INFO - 2023-09-20 20:44:22 --> Session: Class initialized using 'CodeIgniter\Session\Handlers\FileHandler' driver.
INFO - 2023-09-20 20:45:44 --> Session: Class initialized using 'CodeIgniter\Session\Handlers\FileHandler' driver.
INFO - 2023-09-20 20:46:30 --> Session: Class initialized using 'CodeIgniter\Session\Handlers\FileHandler' driver.
INFO - 2023-09-20 20:46:36 --> Session: Class initialized using 'CodeIgniter\Session\Handlers\FileHandler' driver.
INFO - 2023-09-20 20:50:36 --> Session: Class initialized using 'CodeIgniter\Session\Handlers\FileHandler' driver.
INFO - 2023-09-20 20:51:14 --> Session: Class initialized using 'CodeIgniter\Session\Handlers\FileHandler' driver.
INFO - 2023-09-20 20:53:47 --> Session: Class initialized using 'CodeIgniter\Session\Handlers\FileHandler' driver.
INFO - 2023-09-20 20:54:55 --> Session: Class initialized using 'CodeIgniter\Session\Handlers\FileHandler' driver.
INFO - 2023-09-20 20:54:59 --> Session: Class initialized using 'CodeIgniter\Session\Handlers\FileHandler' driver.
INFO - 2023-09-20 20:55:03 --> Session: Class initialized using 'CodeIgniter\Session\Handlers\FileHandler' driver.
INFO - 2023-09-20 20:55:09 --> Session: Class initialized using 'CodeIgniter\Session\Handlers\FileHandler' driver.
INFO - 2023-09-20 20:55:14 --> Session: Class initialized using 'CodeIgniter\Session\Handlers\FileHandler' driver.
INFO - 2023-09-20 20:55:43 --> Session: Class initialized using 'CodeIgniter\Session\Handlers\FileHandler' driver.
INFO - 2023-09-20 20:55:47 --> Session: Class initialized using 'CodeIgniter\Session\Handlers\FileHandler' driver.
INFO - 2023-09-20 20:56:58 --> Session: Class initialized using 'CodeIgniter\Session\Handlers\FileHandler' driver.
CRITICAL - 2023-09-20 20:56:58 --> Undefined variable $slug
in APPPATH\Views\Pages\home.php on line 30.
 1 APPPATH\Views\Pages\home.php(30): CodeIgniter\Debug\Exceptions->errorHandler(2, 'Undefined variable $slug', 'D:\\xamppnew\\htdocs\\ci4-blog\\app\\Views\\Pages\\home.php', 30)
 2 SYSTEMPATH\View\View.php(226): include('D:\\xamppnew\\htdocs\\ci4-blog\\app\\Views\\Pages\\home.php')
 3 SYSTEMPATH\View\View.php(229): CodeIgniter\View\View->CodeIgniter\View\{closure}()
 4 SYSTEMPATH\Common.php(1188): CodeIgniter\View\View->render('Pages/home', [], true)
 5 APPPATH\Controllers\Pages.php(14): view('Pages/home')
 6 SYSTEMPATH\CodeIgniter.php(919): App\Controllers\Pages->index()
 7 SYSTEMPATH\CodeIgniter.php(494): CodeIgniter\CodeIgniter->runController(Object(App\Controllers\Pages))
 8 SYSTEMPATH\CodeIgniter.php(353): CodeIgniter\CodeIgniter->handleRequest(null, Object(Config\Cache), false)
 9 FCPATH\index.php(79): CodeIgniter\CodeIgniter->run()
INFO - 2023-09-20 20:57:11 --> Session: Class initialized using 'CodeIgniter\Session\Handlers\FileHandler' driver.
INFO - 2023-09-20 20:57:31 --> Session: Class initialized using 'CodeIgniter\Session\Handlers\FileHandler' driver.
CRITICAL - 2023-09-20 20:57:31 --> Undefined variable $slug
in APPPATH\Views\Pages\home.php on line 30.
 1 APPPATH\Views\Pages\home.php(30): CodeIgniter\Debug\Exceptions->errorHandler(2, 'Undefined variable $slug', 'D:\\xamppnew\\htdocs\\ci4-blog\\app\\Views\\Pages\\home.php', 30)
 2 SYSTEMPATH\View\View.php(226): include('D:\\xamppnew\\htdocs\\ci4-blog\\app\\Views\\Pages\\home.php')
 3 SYSTEMPATH\View\View.php(229): CodeIgniter\View\View->CodeIgniter\View\{closure}()
 4 SYSTEMPATH\Common.php(1188): CodeIgniter\View\View->render('Pages/home', [], true)
 5 APPPATH\Controllers\Pages.php(14): view('Pages/home')
 6 SYSTEMPATH\CodeIgniter.php(919): App\Controllers\Pages->index()
 7 SYSTEMPATH\CodeIgniter.php(494): CodeIgniter\CodeIgniter->runController(Object(App\Controllers\Pages))
 8 SYSTEMPATH\CodeIgniter.php(353): CodeIgniter\CodeIgniter->handleRequest(null, Object(Config\Cache), false)
 9 FCPATH\index.php(79): CodeIgniter\CodeIgniter->run()
INFO - 2023-09-20 20:59:20 --> Session: Class initialized using 'CodeIgniter\Session\Handlers\FileHandler' driver.
CRITICAL - 2023-09-20 20:59:20 --> Undefined variable $slug
in APPPATH\Views\Pages\home.php on line 30.
 1 APPPATH\Views\Pages\home.php(30): CodeIgniter\Debug\Exceptions->errorHandler(2, 'Undefined variable $slug', 'D:\\xamppnew\\htdocs\\ci4-blog\\app\\Views\\Pages\\home.php', 30)
 2 SYSTEMPATH\View\View.php(226): include('D:\\xamppnew\\htdocs\\ci4-blog\\app\\Views\\Pages\\home.php')
 3 SYSTEMPATH\View\View.php(229): CodeIgniter\View\View->CodeIgniter\View\{closure}()
 4 SYSTEMPATH\Common.php(1188): CodeIgniter\View\View->render('Pages/home', [], true)
 5 APPPATH\Controllers\Pages.php(14): view('Pages/home')
 6 SYSTEMPATH\CodeIgniter.php(919): App\Controllers\Pages->index()
 7 SYSTEMPATH\CodeIgniter.php(494): CodeIgniter\CodeIgniter->runController(Object(App\Controllers\Pages))
 8 SYSTEMPATH\CodeIgniter.php(353): CodeIgniter\CodeIgniter->handleRequest(null, Object(Config\Cache), false)
 9 FCPATH\index.php(79): CodeIgniter\CodeIgniter->run()
INFO - 2023-09-20 20:59:22 --> Session: Class initialized using 'CodeIgniter\Session\Handlers\FileHandler' driver.
CRITICAL - 2023-09-20 20:59:22 --> Undefined variable $slug
in APPPATH\Views\Pages\home.php on line 30.
 1 APPPATH\Views\Pages\home.php(30): CodeIgniter\Debug\Exceptions->errorHandler(2, 'Undefined variable $slug', 'D:\\xamppnew\\htdocs\\ci4-blog\\app\\Views\\Pages\\home.php', 30)
 2 SYSTEMPATH\View\View.php(226): include('D:\\xamppnew\\htdocs\\ci4-blog\\app\\Views\\Pages\\home.php')
 3 SYSTEMPATH\View\View.php(229): CodeIgniter\View\View->CodeIgniter\View\{closure}()
 4 SYSTEMPATH\Common.php(1188): CodeIgniter\View\View->render('Pages/home', [], true)
 5 APPPATH\Controllers\Pages.php(14): view('Pages/home')
 6 SYSTEMPATH\CodeIgniter.php(919): App\Controllers\Pages->index()
 7 SYSTEMPATH\CodeIgniter.php(494): CodeIgniter\CodeIgniter->runController(Object(App\Controllers\Pages))
 8 SYSTEMPATH\CodeIgniter.php(353): CodeIgniter\CodeIgniter->handleRequest(null, Object(Config\Cache), false)
 9 FCPATH\index.php(79): CodeIgniter\CodeIgniter->run()
INFO - 2023-09-20 20:59:46 --> Session: Class initialized using 'CodeIgniter\Session\Handlers\FileHandler' driver.
CRITICAL - 2023-09-20 20:59:49 --> Trying to access array offset on value of type null
in APPPATH\Views\blog\post.php on line 4.
 1 APPPATH\Views\blog\post.php(4): CodeIgniter\Debug\Exceptions->errorHandler(2, 'Trying to access array offset on value of type null', 'D:\\xamppnew\\htdocs\\ci4-blog\\app\\Views\\blog\\post.php', 4)
 2 SYSTEMPATH\View\View.php(226): include('D:\\xamppnew\\htdocs\\ci4-blog\\app\\Views\\blog\\post.php')
 3 SYSTEMPATH\View\View.php(229): CodeIgniter\View\View->CodeIgniter\View\{closure}()
 4 SYSTEMPATH\Common.php(1188): CodeIgniter\View\View->render('blog/post', [], true)
 5 APPPATH\Controllers\Blog.php(18): view('blog/post')
 6 SYSTEMPATH\CodeIgniter.php(919): App\Controllers\Blog->post('editcodeigniter yazısı')
 7 SYSTEMPATH\CodeIgniter.php(494): CodeIgniter\CodeIgniter->runController(Object(App\Controllers\Blog))
 8 SYSTEMPATH\CodeIgniter.php(353): CodeIgniter\CodeIgniter->handleRequest(null, Object(Config\Cache), false)
 9 FCPATH\index.php(79): CodeIgniter\CodeIgniter->run()
INFO - 2023-09-20 21:00:04 --> Session: Class initialized using 'CodeIgniter\Session\Handlers\FileHandler' driver.
INFO - 2023-09-20 21:00:07 --> Session: Class initialized using 'CodeIgniter\Session\Handlers\FileHandler' driver.
CRITICAL - 2023-09-20 21:00:09 --> Trying to access array offset on value of type null
in APPPATH\Views\blog\post.php on line 4.
 1 APPPATH\Views\blog\post.php(4): CodeIgniter\Debug\Exceptions->errorHandler(2, 'Trying to access array offset on value of type null', 'D:\\xamppnew\\htdocs\\ci4-blog\\app\\Views\\blog\\post.php', 4)
 2 SYSTEMPATH\View\View.php(226): include('D:\\xamppnew\\htdocs\\ci4-blog\\app\\Views\\blog\\post.php')
 3 SYSTEMPATH\View\View.php(229): CodeIgniter\View\View->CodeIgniter\View\{closure}()
 4 SYSTEMPATH\Common.php(1188): CodeIgniter\View\View->render('blog/post', [], true)
 5 APPPATH\Controllers\Blog.php(18): view('blog/post')
 6 SYSTEMPATH\CodeIgniter.php(919): App\Controllers\Blog->post('editcodeigniter yazısı')
 7 SYSTEMPATH\CodeIgniter.php(494): CodeIgniter\CodeIgniter->runController(Object(App\Controllers\Blog))
 8 SYSTEMPATH\CodeIgniter.php(353): CodeIgniter\CodeIgniter->handleRequest(null, Object(Config\Cache), false)
 9 FCPATH\index.php(79): CodeIgniter\CodeIgniter->run()
CRITICAL - 2023-09-20 21:00:25 --> Trying to access array offset on value of type null
in APPPATH\Views\blog\post.php on line 4.
 1 APPPATH\Views\blog\post.php(4): CodeIgniter\Debug\Exceptions->errorHandler(2, 'Trying to access array offset on value of type null', 'D:\\xamppnew\\htdocs\\ci4-blog\\app\\Views\\blog\\post.php', 4)
 2 SYSTEMPATH\View\View.php(226): include('D:\\xamppnew\\htdocs\\ci4-blog\\app\\Views\\blog\\post.php')
 3 SYSTEMPATH\View\View.php(229): CodeIgniter\View\View->CodeIgniter\View\{closure}()
 4 SYSTEMPATH\Common.php(1188): CodeIgniter\View\View->render('blog/post', [], true)
 5 APPPATH\Controllers\Blog.php(18): view('blog/post')
 6 SYSTEMPATH\CodeIgniter.php(919): App\Controllers\Blog->post('editcodeigniter yazısı')
 7 SYSTEMPATH\CodeIgniter.php(494): CodeIgniter\CodeIgniter->runController(Object(App\Controllers\Blog))
 8 SYSTEMPATH\CodeIgniter.php(353): CodeIgniter\CodeIgniter->handleRequest(null, Object(Config\Cache), false)
 9 FCPATH\index.php(79): CodeIgniter\CodeIgniter->run()
CRITICAL - 2023-09-20 21:00:26 --> Trying to access array offset on value of type null
in APPPATH\Views\blog\post.php on line 4.
 1 APPPATH\Views\blog\post.php(4): CodeIgniter\Debug\Exceptions->errorHandler(2, 'Trying to access array offset on value of type null', 'D:\\xamppnew\\htdocs\\ci4-blog\\app\\Views\\blog\\post.php', 4)
 2 SYSTEMPATH\View\View.php(226): include('D:\\xamppnew\\htdocs\\ci4-blog\\app\\Views\\blog\\post.php')
 3 SYSTEMPATH\View\View.php(229): CodeIgniter\View\View->CodeIgniter\View\{closure}()
 4 SYSTEMPATH\Common.php(1188): CodeIgniter\View\View->render('blog/post', [], true)
 5 APPPATH\Controllers\Blog.php(18): view('blog/post')
 6 SYSTEMPATH\CodeIgniter.php(919): App\Controllers\Blog->post('editcodeigniter yazısı')
 7 SYSTEMPATH\CodeIgniter.php(494): CodeIgniter\CodeIgniter->runController(Object(App\Controllers\Blog))
 8 SYSTEMPATH\CodeIgniter.php(353): CodeIgniter\CodeIgniter->handleRequest(null, Object(Config\Cache), false)
 9 FCPATH\index.php(79): CodeIgniter\CodeIgniter->run()
CRITICAL - 2023-09-20 21:00:35 --> Trying to access array offset on value of type null
in APPPATH\Views\blog\post.php on line 4.
 1 APPPATH\Views\blog\post.php(4): CodeIgniter\Debug\Exceptions->errorHandler(2, 'Trying to access array offset on value of type null', 'D:\\xamppnew\\htdocs\\ci4-blog\\app\\Views\\blog\\post.php', 4)
 2 SYSTEMPATH\View\View.php(226): include('D:\\xamppnew\\htdocs\\ci4-blog\\app\\Views\\blog\\post.php')
 3 SYSTEMPATH\View\View.php(229): CodeIgniter\View\View->CodeIgniter\View\{closure}()
 4 SYSTEMPATH\Common.php(1188): CodeIgniter\View\View->render('blog/post', [], true)
 5 APPPATH\Controllers\Blog.php(18): view('blog/post')
 6 SYSTEMPATH\CodeIgniter.php(919): App\Controllers\Blog->post('editcodeigniter yazısı')
 7 SYSTEMPATH\CodeIgniter.php(494): CodeIgniter\CodeIgniter->runController(Object(App\Controllers\Blog))
 8 SYSTEMPATH\CodeIgniter.php(353): CodeIgniter\CodeIgniter->handleRequest(null, Object(Config\Cache), false)
 9 FCPATH\index.php(79): CodeIgniter\CodeIgniter->run()
CRITICAL - 2023-09-20 21:01:32 --> Trying to access array offset on value of type null
in APPPATH\Views\blog\post.php on line 4.
 1 APPPATH\Views\blog\post.php(4): CodeIgniter\Debug\Exceptions->errorHandler(2, 'Trying to access array offset on value of type null', 'D:\\xamppnew\\htdocs\\ci4-blog\\app\\Views\\blog\\post.php', 4)
 2 SYSTEMPATH\View\View.php(226): include('D:\\xamppnew\\htdocs\\ci4-blog\\app\\Views\\blog\\post.php')
 3 SYSTEMPATH\View\View.php(229): CodeIgniter\View\View->CodeIgniter\View\{closure}()
 4 SYSTEMPATH\Common.php(1188): CodeIgniter\View\View->render('blog/post', [], true)
 5 APPPATH\Controllers\Blog.php(18): view('blog/post')
 6 SYSTEMPATH\CodeIgniter.php(919): App\Controllers\Blog->post('editcodeigniter yazısı')
 7 SYSTEMPATH\CodeIgniter.php(494): CodeIgniter\CodeIgniter->runController(Object(App\Controllers\Blog))
 8 SYSTEMPATH\CodeIgniter.php(353): CodeIgniter\CodeIgniter->handleRequest(null, Object(Config\Cache), false)
 9 FCPATH\index.php(79): CodeIgniter\CodeIgniter->run()
INFO - 2023-09-20 21:01:34 --> Session: Class initialized using 'CodeIgniter\Session\Handlers\FileHandler' driver.
INFO - 2023-09-20 21:01:39 --> Session: Class initialized using 'CodeIgniter\Session\Handlers\FileHandler' driver.
INFO - 2023-09-20 21:01:43 --> Session: Class initialized using 'CodeIgniter\Session\Handlers\FileHandler' driver.
INFO - 2023-09-20 21:02:58 --> Session: Class initialized using 'CodeIgniter\Session\Handlers\FileHandler' driver.
CRITICAL - 2023-09-20 21:02:59 --> Trying to access array offset on value of type null
in APPPATH\Views\blog\post.php on line 4.
 1 APPPATH\Views\blog\post.php(4): CodeIgniter\Debug\Exceptions->errorHandler(2, 'Trying to access array offset on value of type null', 'D:\\xamppnew\\htdocs\\ci4-blog\\app\\Views\\blog\\post.php', 4)
 2 SYSTEMPATH\View\View.php(226): include('D:\\xamppnew\\htdocs\\ci4-blog\\app\\Views\\blog\\post.php')
 3 SYSTEMPATH\View\View.php(229): CodeIgniter\View\View->CodeIgniter\View\{closure}()
 4 SYSTEMPATH\Common.php(1188): CodeIgniter\View\View->render('blog/post', [], true)
 5 APPPATH\Controllers\Blog.php(18): view('blog/post')
 6 SYSTEMPATH\CodeIgniter.php(919): App\Controllers\Blog->post('edit')
 7 SYSTEMPATH\CodeIgniter.php(494): CodeIgniter\CodeIgniter->runController(Object(App\Controllers\Blog))
 8 SYSTEMPATH\CodeIgniter.php(353): CodeIgniter\CodeIgniter->handleRequest(null, Object(Config\Cache), false)
 9 FCPATH\index.php(79): CodeIgniter\CodeIgniter->run()
INFO - 2023-09-20 21:03:10 --> Session: Class initialized using 'CodeIgniter\Session\Handlers\FileHandler' driver.
CRITICAL - 2023-09-20 21:03:12 --> Trying to access array offset on value of type null
in APPPATH\Views\blog\post.php on line 4.
 1 APPPATH\Views\blog\post.php(4): CodeIgniter\Debug\Exceptions->errorHandler(2, 'Trying to access array offset on value of type null', 'D:\\xamppnew\\htdocs\\ci4-blog\\app\\Views\\blog\\post.php', 4)
 2 SYSTEMPATH\View\View.php(226): include('D:\\xamppnew\\htdocs\\ci4-blog\\app\\Views\\blog\\post.php')
 3 SYSTEMPATH\View\View.php(229): CodeIgniter\View\View->CodeIgniter\View\{closure}()
 4 SYSTEMPATH\Common.php(1188): CodeIgniter\View\View->render('blog/post', [], true)
 5 APPPATH\Controllers\Blog.php(18): view('blog/post')
 6 SYSTEMPATH\CodeIgniter.php(919): App\Controllers\Blog->post('edit')
 7 SYSTEMPATH\CodeIgniter.php(494): CodeIgniter\CodeIgniter->runController(Object(App\Controllers\Blog))
 8 SYSTEMPATH\CodeIgniter.php(353): CodeIgniter\CodeIgniter->handleRequest(null, Object(Config\Cache), false)
 9 FCPATH\index.php(79): CodeIgniter\CodeIgniter->run()
INFO - 2023-09-20 21:03:28 --> Session: Class initialized using 'CodeIgniter\Session\Handlers\FileHandler' driver.
INFO - 2023-09-20 21:03:31 --> Session: Class initialized using 'CodeIgniter\Session\Handlers\FileHandler' driver.
INFO - 2023-09-20 21:03:45 --> Session: Class initialized using 'CodeIgniter\Session\Handlers\FileHandler' driver.
INFO - 2023-09-20 21:04:14 --> Session: Class initialized using 'CodeIgniter\Session\Handlers\FileHandler' driver.
CRITICAL - 2023-09-20 21:04:17 --> Trying to access array offset on value of type null
in APPPATH\Views\blog\post.php on line 4.
 1 APPPATH\Views\blog\post.php(4): CodeIgniter\Debug\Exceptions->errorHandler(2, 'Trying to access array offset on value of type null', 'D:\\xamppnew\\htdocs\\ci4-blog\\app\\Views\\blog\\post.php', 4)
 2 SYSTEMPATH\View\View.php(226): include('D:\\xamppnew\\htdocs\\ci4-blog\\app\\Views\\blog\\post.php')
 3 SYSTEMPATH\View\View.php(229): CodeIgniter\View\View->CodeIgniter\View\{closure}()
 4 SYSTEMPATH\Common.php(1188): CodeIgniter\View\View->render('blog/post', [], true)
 5 APPPATH\Controllers\Blog.php(18): view('blog/post')
 6 SYSTEMPATH\CodeIgniter.php(919): App\Controllers\Blog->post('edit.php')
 7 SYSTEMPATH\CodeIgniter.php(494): CodeIgniter\CodeIgniter->runController(Object(App\Controllers\Blog))
 8 SYSTEMPATH\CodeIgniter.php(353): CodeIgniter\CodeIgniter->handleRequest(null, Object(Config\Cache), false)
 9 FCPATH\index.php(79): CodeIgniter\CodeIgniter->run()
INFO - 2023-09-20 21:04:24 --> Session: Class initialized using 'CodeIgniter\Session\Handlers\FileHandler' driver.
INFO - 2023-09-20 21:05:17 --> Session: Class initialized using 'CodeIgniter\Session\Handlers\FileHandler' driver.
CRITICAL - 2023-09-20 21:05:21 --> Trying to access array offset on value of type null
in APPPATH\Views\blog\post.php on line 4.
 1 APPPATH\Views\blog\post.php(4): CodeIgniter\Debug\Exceptions->errorHandler(2, 'Trying to access array offset on value of type null', 'D:\\xamppnew\\htdocs\\ci4-blog\\app\\Views\\blog\\post.php', 4)
 2 SYSTEMPATH\View\View.php(226): include('D:\\xamppnew\\htdocs\\ci4-blog\\app\\Views\\blog\\post.php')
 3 SYSTEMPATH\View\View.php(229): CodeIgniter\View\View->CodeIgniter\View\{closure}()
 4 SYSTEMPATH\Common.php(1188): CodeIgniter\View\View->render('blog/post', [], true)
 5 APPPATH\Controllers\Blog.php(18): view('blog/post')
 6 SYSTEMPATH\CodeIgniter.php(919): App\Controllers\Blog->post('edit.php')
 7 SYSTEMPATH\CodeIgniter.php(494): CodeIgniter\CodeIgniter->runController(Object(App\Controllers\Blog))
 8 SYSTEMPATH\CodeIgniter.php(353): CodeIgniter\CodeIgniter->handleRequest(null, Object(Config\Cache), false)
 9 FCPATH\index.php(79): CodeIgniter\CodeIgniter->run()
INFO - 2023-09-20 21:05:23 --> Session: Class initialized using 'CodeIgniter\Session\Handlers\FileHandler' driver.
INFO - 2023-09-20 21:08:34 --> Session: Class initialized using 'CodeIgniter\Session\Handlers\FileHandler' driver.
CRITICAL - 2023-09-20 21:08:36 --> Trying to access array offset on value of type null
in APPPATH\Views\blog\post.php on line 4.
 1 APPPATH\Views\blog\post.php(4): CodeIgniter\Debug\Exceptions->errorHandler(2, 'Trying to access array offset on value of type null', 'D:\\xamppnew\\htdocs\\ci4-blog\\app\\Views\\blog\\post.php', 4)
 2 SYSTEMPATH\View\View.php(226): include('D:\\xamppnew\\htdocs\\ci4-blog\\app\\Views\\blog\\post.php')
 3 SYSTEMPATH\View\View.php(229): CodeIgniter\View\View->CodeIgniter\View\{closure}()
 4 SYSTEMPATH\Common.php(1188): CodeIgniter\View\View->render('blog/post', [], true)
 5 APPPATH\Controllers\Blog.php(18): view('blog/post')
 6 SYSTEMPATH\CodeIgniter.php(919): App\Controllers\Blog->post('editcodeigniter-yazısı')
 7 SYSTEMPATH\CodeIgniter.php(494): CodeIgniter\CodeIgniter->runController(Object(App\Controllers\Blog))
 8 SYSTEMPATH\CodeIgniter.php(353): CodeIgniter\CodeIgniter->handleRequest(null, Object(Config\Cache), false)
 9 FCPATH\index.php(79): CodeIgniter\CodeIgniter->run()
CRITICAL - 2023-09-20 21:10:39 --> Trying to access array offset on value of type null
in APPPATH\Views\blog\post.php on line 4.
 1 APPPATH\Views\blog\post.php(4): CodeIgniter\Debug\Exceptions->errorHandler(2, 'Trying to access array offset on value of type null', 'D:\\xamppnew\\htdocs\\ci4-blog\\app\\Views\\blog\\post.php', 4)
 2 SYSTEMPATH\View\View.php(226): include('D:\\xamppnew\\htdocs\\ci4-blog\\app\\Views\\blog\\post.php')
 3 SYSTEMPATH\View\View.php(229): CodeIgniter\View\View->CodeIgniter\View\{closure}()
 4 SYSTEMPATH\Common.php(1188): CodeIgniter\View\View->render('blog/post', [], true)
 5 APPPATH\Controllers\Blog.php(18): view('blog/post')
 6 SYSTEMPATH\CodeIgniter.php(919): App\Controllers\Blog->post('editcodeigniter-yazısı')
 7 SYSTEMPATH\CodeIgniter.php(494): CodeIgniter\CodeIgniter->runController(Object(App\Controllers\Blog))
 8 SYSTEMPATH\CodeIgniter.php(353): CodeIgniter\CodeIgniter->handleRequest(null, Object(Config\Cache), false)
 9 FCPATH\index.php(79): CodeIgniter\CodeIgniter->run()
INFO - 2023-09-20 21:10:40 --> Session: Class initialized using 'CodeIgniter\Session\Handlers\FileHandler' driver.
INFO - 2023-09-20 21:10:42 --> Session: Class initialized using 'CodeIgniter\Session\Handlers\FileHandler' driver.
INFO - 2023-09-20 21:11:53 --> Session: Class initialized using 'CodeIgniter\Session\Handlers\FileHandler' driver.
INFO - 2023-09-20 21:12:15 --> Session: Class initialized using 'CodeIgniter\Session\Handlers\FileHandler' driver.
INFO - 2023-09-20 21:12:28 --> Session: Class initialized using 'CodeIgniter\Session\Handlers\FileHandler' driver.
INFO - 2023-09-20 21:12:42 --> Session: Class initialized using 'CodeIgniter\Session\Handlers\FileHandler' driver.
CRITICAL - 2023-09-20 21:12:44 --> Trying to access array offset on value of type null
in APPPATH\Views\blog\post.php on line 4.
 1 APPPATH\Views\blog\post.php(4): CodeIgniter\Debug\Exceptions->errorHandler(2, 'Trying to access array offset on value of type null', 'D:\\xamppnew\\htdocs\\ci4-blog\\app\\Views\\blog\\post.php', 4)
 2 SYSTEMPATH\View\View.php(226): include('D:\\xamppnew\\htdocs\\ci4-blog\\app\\Views\\blog\\post.php')
 3 SYSTEMPATH\View\View.php(229): CodeIgniter\View\View->CodeIgniter\View\{closure}()
 4 SYSTEMPATH\Common.php(1188): CodeIgniter\View\View->render('blog/post', [], true)
 5 APPPATH\Controllers\Blog.php(18): view('blog/post')
 6 SYSTEMPATH\CodeIgniter.php(919): App\Controllers\Blog->post('edit', 'codeigniter-yazısı')
 7 SYSTEMPATH\CodeIgniter.php(494): CodeIgniter\CodeIgniter->runController(Object(App\Controllers\Blog))
 8 SYSTEMPATH\CodeIgniter.php(353): CodeIgniter\CodeIgniter->handleRequest(null, Object(Config\Cache), false)
 9 FCPATH\index.php(79): CodeIgniter\CodeIgniter->run()
CRITICAL - 2023-09-20 21:12:50 --> Trying to access array offset on value of type null
in APPPATH\Views\blog\post.php on line 4.
 1 APPPATH\Views\blog\post.php(4): CodeIgniter\Debug\Exceptions->errorHandler(2, 'Trying to access array offset on value of type null', 'D:\\xamppnew\\htdocs\\ci4-blog\\app\\Views\\blog\\post.php', 4)
 2 SYSTEMPATH\View\View.php(226): include('D:\\xamppnew\\htdocs\\ci4-blog\\app\\Views\\blog\\post.php')
 3 SYSTEMPATH\View\View.php(229): CodeIgniter\View\View->CodeIgniter\View\{closure}()
 4 SYSTEMPATH\Common.php(1188): CodeIgniter\View\View->render('blog/post', [], true)
 5 APPPATH\Controllers\Blog.php(18): view('blog/post')
 6 SYSTEMPATH\CodeIgniter.php(919): App\Controllers\Blog->post('edit', 'codeigniter-yazısı')
 7 SYSTEMPATH\CodeIgniter.php(494): CodeIgniter\CodeIgniter->runController(Object(App\Controllers\Blog))
 8 SYSTEMPATH\CodeIgniter.php(353): CodeIgniter\CodeIgniter->handleRequest(null, Object(Config\Cache), false)
 9 FCPATH\index.php(79): CodeIgniter\CodeIgniter->run()
INFO - 2023-09-20 21:12:51 --> Session: Class initialized using 'CodeIgniter\Session\Handlers\FileHandler' driver.
INFO - 2023-09-20 21:12:52 --> Session: Class initialized using 'CodeIgniter\Session\Handlers\FileHandler' driver.
CRITICAL - 2023-09-20 21:12:53 --> Trying to access array offset on value of type null
in APPPATH\Views\blog\post.php on line 4.
 1 APPPATH\Views\blog\post.php(4): CodeIgniter\Debug\Exceptions->errorHandler(2, 'Trying to access array offset on value of type null', 'D:\\xamppnew\\htdocs\\ci4-blog\\app\\Views\\blog\\post.php', 4)
 2 SYSTEMPATH\View\View.php(226): include('D:\\xamppnew\\htdocs\\ci4-blog\\app\\Views\\blog\\post.php')
 3 SYSTEMPATH\View\View.php(229): CodeIgniter\View\View->CodeIgniter\View\{closure}()
 4 SYSTEMPATH\Common.php(1188): CodeIgniter\View\View->render('blog/post', [], true)
 5 APPPATH\Controllers\Blog.php(18): view('blog/post')
 6 SYSTEMPATH\CodeIgniter.php(919): App\Controllers\Blog->post('edit', 'codeigniter-yazısı')
 7 SYSTEMPATH\CodeIgniter.php(494): CodeIgniter\CodeIgniter->runController(Object(App\Controllers\Blog))
 8 SYSTEMPATH\CodeIgniter.php(353): CodeIgniter\CodeIgniter->handleRequest(null, Object(Config\Cache), false)
 9 FCPATH\index.php(79): CodeIgniter\CodeIgniter->run()
INFO - 2023-09-20 21:13:18 --> Session: Class initialized using 'CodeIgniter\Session\Handlers\FileHandler' driver.
INFO - 2023-09-20 21:13:37 --> Session: Class initialized using 'CodeIgniter\Session\Handlers\FileHandler' driver.
INFO - 2023-09-20 21:13:52 --> Session: Class initialized using 'CodeIgniter\Session\Handlers\FileHandler' driver.
INFO - 2023-09-20 21:14:53 --> Session: Class initialized using 'CodeIgniter\Session\Handlers\FileHandler' driver.
INFO - 2023-09-20 21:17:01 --> Session: Class initialized using 'CodeIgniter\Session\Handlers\FileHandler' driver.
INFO - 2023-09-20 21:17:31 --> Session: Class initialized using 'CodeIgniter\Session\Handlers\FileHandler' driver.
INFO - 2023-09-20 21:19:21 --> Session: Class initialized using 'CodeIgniter\Session\Handlers\FileHandler' driver.
INFO - 2023-09-20 21:20:09 --> Session: Class initialized using 'CodeIgniter\Session\Handlers\FileHandler' driver.
INFO - 2023-09-20 21:22:38 --> Session: Class initialized using 'CodeIgniter\Session\Handlers\FileHandler' driver.
INFO - 2023-09-20 21:24:55 --> Session: Class initialized using 'CodeIgniter\Session\Handlers\FileHandler' driver.
INFO - 2023-09-20 21:24:58 --> Session: Class initialized using 'CodeIgniter\Session\Handlers\FileHandler' driver.
INFO - 2023-09-20 21:26:44 --> Session: Class initialized using 'CodeIgniter\Session\Handlers\FileHandler' driver.
INFO - 2023-09-20 21:26:45 --> Session: Class initialized using 'CodeIgniter\Session\Handlers\FileHandler' driver.
INFO - 2023-09-20 21:27:02 --> Session: Class initialized using 'CodeIgniter\Session\Handlers\FileHandler' driver.
INFO - 2023-09-20 21:27:28 --> Session: Class initialized using 'CodeIgniter\Session\Handlers\FileHandler' driver.
INFO - 2023-09-20 21:27:30 --> Session: Class initialized using 'CodeIgniter\Session\Handlers\FileHandler' driver.
INFO - 2023-09-20 21:29:48 --> Session: Class initialized using 'CodeIgniter\Session\Handlers\FileHandler' driver.
INFO - 2023-09-20 21:29:52 --> Session: Class initialized using 'CodeIgniter\Session\Handlers\FileHandler' driver.
INFO - 2023-09-20 21:29:53 --> Session: Class initialized using 'CodeIgniter\Session\Handlers\FileHandler' driver.
INFO - 2023-09-20 21:30:17 --> Session: Class initialized using 'CodeIgniter\Session\Handlers\FileHandler' driver.
INFO - 2023-09-20 21:32:07 --> Session: Class initialized using 'CodeIgniter\Session\Handlers\FileHandler' driver.
INFO - 2023-09-20 21:32:14 --> Session: Class initialized using 'CodeIgniter\Session\Handlers\FileHandler' driver.
INFO - 2023-09-20 21:32:25 --> Session: Class initialized using 'CodeIgniter\Session\Handlers\FileHandler' driver.
INFO - 2023-09-20 21:32:48 --> Session: Class initialized using 'CodeIgniter\Session\Handlers\FileHandler' driver.
INFO - 2023-09-20 21:32:51 --> Session: Class initialized using 'CodeIgniter\Session\Handlers\FileHandler' driver.
INFO - 2023-09-20 21:32:52 --> Session: Class initialized using 'CodeIgniter\Session\Handlers\FileHandler' driver.
INFO - 2023-09-20 21:36:08 --> Session: Class initialized using 'CodeIgniter\Session\Handlers\FileHandler' driver.
INFO - 2023-09-20 21:36:12 --> Session: Class initialized using 'CodeIgniter\Session\Handlers\FileHandler' driver.
INFO - 2023-09-20 21:38:58 --> Session: Class initialized using 'CodeIgniter\Session\Handlers\FileHandler' driver.
INFO - 2023-09-20 21:39:02 --> Session: Class initialized using 'CodeIgniter\Session\Handlers\FileHandler' driver.
INFO - 2023-09-20 21:39:23 --> Session: Class initialized using 'CodeIgniter\Session\Handlers\FileHandler' driver.
INFO - 2023-09-20 21:40:28 --> Session: Class initialized using 'CodeIgniter\Session\Handlers\FileHandler' driver.
INFO - 2023-09-20 21:42:04 --> Session: Class initialized using 'CodeIgniter\Session\Handlers\FileHandler' driver.
INFO - 2023-09-20 21:44:24 --> Session: Class initialized using 'CodeIgniter\Session\Handlers\FileHandler' driver.
INFO - 2023-09-20 21:45:58 --> Session: Class initialized using 'CodeIgniter\Session\Handlers\FileHandler' driver.
INFO - 2023-09-20 21:54:35 --> Session: Class initialized using 'CodeIgniter\Session\Handlers\FileHandler' driver.
CRITICAL - 2023-09-20 21:54:37 --> Trying to access array offset on value of type null
in APPPATH\Views\blog\edit.php on line 9.
 1 APPPATH\Views\blog\edit.php(9): CodeIgniter\Debug\Exceptions->errorHandler(2, 'Trying to access array offset on value of type null', 'D:\\xamppnew\\htdocs\\ci4-blog\\app\\Views\\blog\\edit.php', 9)
 2 SYSTEMPATH\View\View.php(226): include('D:\\xamppnew\\htdocs\\ci4-blog\\app\\Views\\blog\\edit.php')
 3 SYSTEMPATH\View\View.php(229): CodeIgniter\View\View->CodeIgniter\View\{closure}()
 4 SYSTEMPATH\Common.php(1188): CodeIgniter\View\View->render('blog/edit', [], true)
 5 APPPATH\Controllers\Blog.php(14): view('blog/edit', [...])
 6 SYSTEMPATH\CodeIgniter.php(919): App\Controllers\Blog->edit('codeigniter-yazısı')
 7 SYSTEMPATH\CodeIgniter.php(494): CodeIgniter\CodeIgniter->runController(Object(App\Controllers\Blog))
 8 SYSTEMPATH\CodeIgniter.php(353): CodeIgniter\CodeIgniter->handleRequest(null, Object(Config\Cache), false)
 9 FCPATH\index.php(79): CodeIgniter\CodeIgniter->run()
CRITICAL - 2023-09-20 21:55:17 --> Trying to access array offset on value of type null
in APPPATH\Views\blog\edit.php on line 9.
 1 APPPATH\Views\blog\edit.php(9): CodeIgniter\Debug\Exceptions->errorHandler(2, 'Trying to access array offset on value of type null', 'D:\\xamppnew\\htdocs\\ci4-blog\\app\\Views\\blog\\edit.php', 9)
 2 SYSTEMPATH\View\View.php(226): include('D:\\xamppnew\\htdocs\\ci4-blog\\app\\Views\\blog\\edit.php')
 3 SYSTEMPATH\View\View.php(229): CodeIgniter\View\View->CodeIgniter\View\{closure}()
 4 SYSTEMPATH\Common.php(1188): CodeIgniter\View\View->render('blog/edit', [], true)
 5 APPPATH\Controllers\Blog.php(14): view('blog/edit', [...])
 6 SYSTEMPATH\CodeIgniter.php(919): App\Controllers\Blog->edit('codeigniter-yazısı')
 7 SYSTEMPATH\CodeIgniter.php(494): CodeIgniter\CodeIgniter->runController(Object(App\Controllers\Blog))
 8 SYSTEMPATH\CodeIgniter.php(353): CodeIgniter\CodeIgniter->handleRequest(null, Object(Config\Cache), false)
 9 FCPATH\index.php(79): CodeIgniter\CodeIgniter->run()
INFO - 2023-09-20 21:55:18 --> Session: Class initialized using 'CodeIgniter\Session\Handlers\FileHandler' driver.
CRITICAL - 2023-09-20 21:55:20 --> Trying to access array offset on value of type null
in APPPATH\Views\blog\edit.php on line 9.
 1 APPPATH\Views\blog\edit.php(9): CodeIgniter\Debug\Exceptions->errorHandler(2, 'Trying to access array offset on value of type null', 'D:\\xamppnew\\htdocs\\ci4-blog\\app\\Views\\blog\\edit.php', 9)
 2 SYSTEMPATH\View\View.php(226): include('D:\\xamppnew\\htdocs\\ci4-blog\\app\\Views\\blog\\edit.php')
 3 SYSTEMPATH\View\View.php(229): CodeIgniter\View\View->CodeIgniter\View\{closure}()
 4 SYSTEMPATH\Common.php(1188): CodeIgniter\View\View->render('blog/edit', [], true)
 5 APPPATH\Controllers\Blog.php(14): view('blog/edit', [...])
 6 SYSTEMPATH\CodeIgniter.php(919): App\Controllers\Blog->edit('codeigniter-yazısı')
 7 SYSTEMPATH\CodeIgniter.php(494): CodeIgniter\CodeIgniter->runController(Object(App\Controllers\Blog))
 8 SYSTEMPATH\CodeIgniter.php(353): CodeIgniter\CodeIgniter->handleRequest(null, Object(Config\Cache), false)
 9 FCPATH\index.php(79): CodeIgniter\CodeIgniter->run()
INFO - 2023-09-20 21:56:38 --> Session: Class initialized using 'CodeIgniter\Session\Handlers\FileHandler' driver.
INFO - 2023-09-20 21:56:40 --> Session: Class initialized using 'CodeIgniter\Session\Handlers\FileHandler' driver.
INFO - 2023-09-20 22:02:30 --> Session: Class initialized using 'CodeIgniter\Session\Handlers\FileHandler' driver.
INFO - 2023-09-20 22:08:22 --> Session: Class initialized using 'CodeIgniter\Session\Handlers\FileHandler' driver.
INFO - 2023-09-20 22:08:59 --> Session: Class initialized using 'CodeIgniter\Session\Handlers\FileHandler' driver.
INFO - 2023-09-20 22:09:02 --> Session: Class initialized using 'CodeIgniter\Session\Handlers\FileHandler' driver.
CRITICAL - 2023-09-20 22:11:06 --> Trying to access array offset on value of type null
in APPPATH\Views\blog\post.php on line 4.
 1 APPPATH\Views\blog\post.php(4): CodeIgniter\Debug\Exceptions->errorHandler(2, 'Trying to access array offset on value of type null', 'D:\\xamppnew\\htdocs\\ci4-blog\\app\\Views\\blog\\post.php', 4)
 2 SYSTEMPATH\View\View.php(226): include('D:\\xamppnew\\htdocs\\ci4-blog\\app\\Views\\blog\\post.php')
 3 SYSTEMPATH\View\View.php(229): CodeIgniter\View\View->CodeIgniter\View\{closure}()
 4 SYSTEMPATH\Common.php(1188): CodeIgniter\View\View->render('blog/post', [], true)
 5 APPPATH\Controllers\Blog.php(38): view('blog/post')
 6 SYSTEMPATH\CodeIgniter.php(919): App\Controllers\Blog->post('update', '2')
 7 SYSTEMPATH\CodeIgniter.php(494): CodeIgniter\CodeIgniter->runController(Object(App\Controllers\Blog))
 8 SYSTEMPATH\CodeIgniter.php(353): CodeIgniter\CodeIgniter->handleRequest(null, Object(Config\Cache), false)
 9 FCPATH\index.php(79): CodeIgniter\CodeIgniter->run()
INFO - 2023-09-20 22:14:40 --> Session: Class initialized using 'CodeIgniter\Session\Handlers\FileHandler' driver.
INFO - 2023-09-20 22:14:45 --> Session: Class initialized using 'CodeIgniter\Session\Handlers\FileHandler' driver.
INFO - 2023-09-20 22:19:33 --> Session: Class initialized using 'CodeIgniter\Session\Handlers\FileHandler' driver.
CRITICAL - 2023-09-20 22:19:39 --> Undefined variable $post
in APPPATH\Views\blog\post.php on line 4.
 1 APPPATH\Views\blog\post.php(4): CodeIgniter\Debug\Exceptions->errorHandler(2, 'Undefined variable $post', 'D:\\xamppnew\\htdocs\\ci4-blog\\app\\Views\\blog\\post.php', 4)
 2 SYSTEMPATH\View\View.php(226): include('D:\\xamppnew\\htdocs\\ci4-blog\\app\\Views\\blog\\post.php')
 3 SYSTEMPATH\View\View.php(229): CodeIgniter\View\View->CodeIgniter\View\{closure}()
 4 SYSTEMPATH\Common.php(1188): CodeIgniter\View\View->render('blog/post', [], true)
 5 APPPATH\Controllers\Blog.php(30): view('blog/post')
 6 SYSTEMPATH\CodeIgniter.php(919): App\Controllers\Blog->update('2')
 7 SYSTEMPATH\CodeIgniter.php(494): CodeIgniter\CodeIgniter->runController(Object(App\Controllers\Blog))
 8 SYSTEMPATH\CodeIgniter.php(353): CodeIgniter\CodeIgniter->handleRequest(null, Object(Config\Cache), false)
 9 FCPATH\index.php(79): CodeIgniter\CodeIgniter->run()
CRITICAL - 2023-09-20 22:19:49 --> Undefined variable $post
in APPPATH\Views\blog\post.php on line 4.
 1 APPPATH\Views\blog\post.php(4): CodeIgniter\Debug\Exceptions->errorHandler(2, 'Undefined variable $post', 'D:\\xamppnew\\htdocs\\ci4-blog\\app\\Views\\blog\\post.php', 4)
 2 SYSTEMPATH\View\View.php(226): include('D:\\xamppnew\\htdocs\\ci4-blog\\app\\Views\\blog\\post.php')
 3 SYSTEMPATH\View\View.php(229): CodeIgniter\View\View->CodeIgniter\View\{closure}()
 4 SYSTEMPATH\Common.php(1188): CodeIgniter\View\View->render('blog/post', [], true)
 5 APPPATH\Controllers\Blog.php(30): view('blog/post')
 6 SYSTEMPATH\CodeIgniter.php(919): App\Controllers\Blog->update('2')
 7 SYSTEMPATH\CodeIgniter.php(494): CodeIgniter\CodeIgniter->runController(Object(App\Controllers\Blog))
 8 SYSTEMPATH\CodeIgniter.php(353): CodeIgniter\CodeIgniter->handleRequest(null, Object(Config\Cache), false)
 9 FCPATH\index.php(79): CodeIgniter\CodeIgniter->run()
CRITICAL - 2023-09-20 22:21:18 --> Undefined variable $post
in APPPATH\Views\blog\post.php on line 4.
 1 APPPATH\Views\blog\post.php(4): CodeIgniter\Debug\Exceptions->errorHandler(2, 'Undefined variable $post', 'D:\\xamppnew\\htdocs\\ci4-blog\\app\\Views\\blog\\post.php', 4)
 2 SYSTEMPATH\View\View.php(226): include('D:\\xamppnew\\htdocs\\ci4-blog\\app\\Views\\blog\\post.php')
 3 SYSTEMPATH\View\View.php(229): CodeIgniter\View\View->CodeIgniter\View\{closure}()
 4 SYSTEMPATH\Common.php(1188): CodeIgniter\View\View->render('blog/post', [], true)
 5 APPPATH\Controllers\Blog.php(29): view('blog/post')
 6 SYSTEMPATH\CodeIgniter.php(919): App\Controllers\Blog->update('2')
 7 SYSTEMPATH\CodeIgniter.php(494): CodeIgniter\CodeIgniter->runController(Object(App\Controllers\Blog))
 8 SYSTEMPATH\CodeIgniter.php(353): CodeIgniter\CodeIgniter->handleRequest(null, Object(Config\Cache), false)
 9 FCPATH\index.php(79): CodeIgniter\CodeIgniter->run()
INFO - 2023-09-20 22:22:08 --> Session: Class initialized using 'CodeIgniter\Session\Handlers\FileHandler' driver.
INFO - 2023-09-20 22:25:44 --> Session: Class initialized using 'CodeIgniter\Session\Handlers\FileHandler' driver.
INFO - 2023-09-20 22:25:53 --> Session: Class initialized using 'CodeIgniter\Session\Handlers\FileHandler' driver.
INFO - 2023-09-20 22:25:53 --> Session: Class initialized using 'CodeIgniter\Session\Handlers\FileHandler' driver.
CRITICAL - 2023-09-20 22:25:57 --> Deletes are not allowed unless they contain a "where" or "like" clause.
in SYSTEMPATH\Database\BaseBuilder.php on line 2766.
 1 SYSTEMPATH\Model.php(445): CodeIgniter\Database\BaseBuilder->delete()
 2 SYSTEMPATH\BaseModel.php(1080): CodeIgniter\Model->doDelete(null, false)
 3 APPPATH\Controllers\Blog.php(33): CodeIgniter\BaseModel->delete()
 4 SYSTEMPATH\CodeIgniter.php(919): App\Controllers\Blog->delete('4')
 5 SYSTEMPATH\CodeIgniter.php(494): CodeIgniter\CodeIgniter->runController(Object(App\Controllers\Blog))
 6 SYSTEMPATH\CodeIgniter.php(353): CodeIgniter\CodeIgniter->handleRequest(null, Object(Config\Cache), false)
 7 FCPATH\index.php(79): CodeIgniter\CodeIgniter->run()
INFO - 2023-09-20 22:28:01 --> Session: Class initialized using 'CodeIgniter\Session\Handlers\FileHandler' driver.
INFO - 2023-09-20 22:28:02 --> Session: Class initialized using 'CodeIgniter\Session\Handlers\FileHandler' driver.
INFO - 2023-09-20 22:28:06 --> Session: Class initialized using 'CodeIgniter\Session\Handlers\FileHandler' driver.
